Build started 8/2/2013 2:54:47 PM.
     1>Project "C:\workspace\MyCode\eveluator\ruleparse\ruleparse.vcxproj" on node 4 (build target(s)).
     1>InitializeBuildStatus:
         Creating "Debug\ruleparse.unsuccessfulbuild" because "AlwaysCreate" was specified.
       ClCompile:
         c:\Program Files (x86)\Microsoft Visual Studio 10.0\VC\bin\CL.exe /c /ZI /nologo /W3 /WX- /Od /Oy- /D WIN32 /D _DEBUG /D _CONSOLE /D _UNICODE /D UNICODE /Gm /EHsc /RTC1 /MDd /GS /fp:precise /Zc:wchar_t /Zc:forScope /Fo"Debug\\" /Fd"Debug\vc100.pdb" /Gd /TP /analyze- /errorReport:prompt ruleparse.cpp stdafx.cpp
         stdafx.cpp
         ruleparse.cpp
     1>c:\workspace\mycode\eveluator\ruleparse\ruleparse.cpp(39): warning C4996: 'strtok': This function or variable may be unsafe. Consider using strtok_s instead. To disable deprecation, use _CRT_SECURE_NO_WARNINGS. See online help for details.
                 c:\program files (x86)\microsoft visual studio 10.0\vc\include\string.h(197) : see declaration of 'strtok'
     1>c:\workspace\mycode\eveluator\ruleparse\ruleparse.cpp(43): warning C4996: 'strtok': This function or variable may be unsafe. Consider using strtok_s instead. To disable deprecation, use _CRT_SECURE_NO_WARNINGS. See online help for details.
                 c:\program files (x86)\microsoft visual studio 10.0\vc\include\string.h(197) : see declaration of 'strtok'
     1>c:\workspace\mycode\eveluator\ruleparse\ruleparse.cpp(61): warning C4018: '<' : signed/unsigned mismatch
         Generating Code...
       ManifestResourceCompile:
         c:\Program Files (x86)\Microsoft SDKs\Windows\v7.0A\bin\rc.exe /nologo /fo"Debug\ruleparse.exe.embed.manifest.res" Debug\ruleparse_manifest.rc 
       Link:
         c:\Program Files (x86)\Microsoft Visual Studio 10.0\VC\bin\link.exe /ERRORREPORT:PROMPT /OUT:"C:\workspace\MyCode\eveluator\Debug\ruleparse.exe" /INCREMENTAL /NOLOGO kernel32.lib user32.lib gdi32.lib winspool.lib comdlg32.lib advapi32.lib shell32.lib ole32.lib oleaut32.lib uuid.lib odbc32.lib odbccp32.lib /MANIFEST /ManifestFile:"Debug\ruleparse.exe.intermediate.manifest" /MANIFESTUAC:"level='asInvoker' uiAccess='false'" /DEBUG /PDB:"C:\workspace\MyCode\eveluator\Debug\ruleparse.pdb" /SUBSYSTEM:CONSOLE /TLBID:1 /DYNAMICBASE /NXCOMPAT /IMPLIB:"C:\workspace\MyCode\eveluator\Debug\ruleparse.lib" /MACHINE:X86 Debug\ruleparse.exe.embed.manifest.res
         Debug\ruleparse.obj
         Debug\stdafx.obj
       Manifest:
         c:\Program Files (x86)\Microsoft SDKs\Windows\v7.0A\bin\mt.exe /nologo /verbose /out:"Debug\ruleparse.exe.embed.manifest" /manifest Debug\ruleparse.exe.intermediate.manifest
         c:\Program Files (x86)\Microsoft SDKs\Windows\v7.0A\bin\rc.exe /nologo /fo"Debug\ruleparse.exe.embed.manifest.res" Debug\ruleparse_manifest.rc 
       LinkEmbedManifest:
         c:\Program Files (x86)\Microsoft Visual Studio 10.0\VC\bin\link.exe /ERRORREPORT:PROMPT /OUT:"C:\workspace\MyCode\eveluator\Debug\ruleparse.exe" /INCREMENTAL /NOLOGO kernel32.lib user32.lib gdi32.lib winspool.lib comdlg32.lib advapi32.lib shell32.lib ole32.lib oleaut32.lib uuid.lib odbc32.lib odbccp32.lib /MANIFEST /ManifestFile:"Debug\ruleparse.exe.intermediate.manifest" /MANIFESTUAC:"level='asInvoker' uiAccess='false'" /DEBUG /PDB:"C:\workspace\MyCode\eveluator\Debug\ruleparse.pdb" /SUBSYSTEM:CONSOLE /TLBID:1 /DYNAMICBASE /NXCOMPAT /IMPLIB:"C:\workspace\MyCode\eveluator\Debug\ruleparse.lib" /MACHINE:X86 Debug\ruleparse.exe.embed.manifest.res
         Debug\ruleparse.obj
         Debug\stdafx.obj
         ruleparse.vcxproj -> C:\workspace\MyCode\eveluator\Debug\ruleparse.exe
       FinalizeBuildStatus:
         Deleting file "Debug\ruleparse.unsuccessfulbuild".
         Touching "Debug\ruleparse.lastbuildstate".
     1>Done Building Project "C:\workspace\MyCode\eveluator\ruleparse\ruleparse.vcxproj" (build target(s)).

Build succeeded.

Time Elapsed 00:00:03.27
