Build started 8/2/2013 2:54:48 PM.
     1>Project "C:\workspace\MyCode\eveluator\eveluator\eveluator.vcxproj" on node 2 (build target(s)).
     1>InitializeBuildStatus:
         Creating "Debug\eveluator.unsuccessfulbuild" because "AlwaysCreate" was specified.
       ClCompile:
         c:\Program Files (x86)\Microsoft Visual Studio 10.0\VC\bin\CL.exe /c /ZI /nologo /W3 /WX- /Od /Oy- /D WIN32 /D _DEBUG /D _CONSOLE /D _UNICODE /D UNICODE /Gm /EHsc /RTC1 /MDd /GS /fp:precise /Zc:wchar_t /Zc:forScope /Fo"Debug\\" /Fd"Debug\vc100.pdb" /Gd /TP /analyze- /errorReport:prompt eveluator.cpp
         eveluator.cpp
     1>c:\workspace\mycode\eveluator\eveluator\eveluator.cpp(29): warning C4554: '<<' : check operator precedence for possible error; use parentheses to clarify precedence
     1>c:\workspace\mycode\eveluator\eveluator\eveluator.cpp(100): warning C4996: 'strtok': This function or variable may be unsafe. Consider using strtok_s instead. To disable deprecation, use _CRT_SECURE_NO_WARNINGS. See online help for details.
                 c:\program files (x86)\microsoft visual studio 10.0\vc\include\string.h(197) : see declaration of 'strtok'
     1>c:\workspace\mycode\eveluator\eveluator\eveluator.cpp(105): warning C4996: 'strtok': This function or variable may be unsafe. Consider using strtok_s instead. To disable deprecation, use _CRT_SECURE_NO_WARNINGS. See online help for details.
                 c:\program files (x86)\microsoft visual studio 10.0\vc\include\string.h(197) : see declaration of 'strtok'
     1>c:\workspace\mycode\eveluator\eveluator\eveluator.cpp(112): warning C4996: 'gets': This function or variable may be unsafe. Consider using gets_s instead. To disable deprecation, use _CRT_SECURE_NO_WARNINGS. See online help for details.
                 c:\program files (x86)\microsoft visual studio 10.0\vc\include\stdio.h(277) : see declaration of 'gets'
       ManifestResourceCompile:
         All outputs are up-to-date.
       Link:
         c:\Program Files (x86)\Microsoft Visual Studio 10.0\VC\bin\link.exe /ERRORREPORT:PROMPT /OUT:"C:\workspace\MyCode\eveluator\Debug\eveluator.exe" /INCREMENTAL /NOLOGO kernel32.lib user32.lib gdi32.lib winspool.lib comdlg32.lib advapi32.lib shell32.lib ole32.lib oleaut32.lib uuid.lib odbc32.lib odbccp32.lib /MANIFEST /ManifestFile:"Debug\eveluator.exe.intermediate.manifest" /MANIFESTUAC:"level='asInvoker' uiAccess='false'" /DEBUG /PDB:"C:\workspace\MyCode\eveluator\Debug\eveluator.pdb" /SUBSYSTEM:CONSOLE /TLBID:1 /DYNAMICBASE /NXCOMPAT /IMPLIB:"C:\workspace\MyCode\eveluator\Debug\eveluator.lib" /MACHINE:X86 Debug\eveluator.exe.embed.manifest.res
         Debug\eveluator.obj
         Debug\stdafx.obj
       Manifest:
         c:\Program Files (x86)\Microsoft SDKs\Windows\v7.0A\bin\mt.exe /nologo /verbose /out:"Debug\eveluator.exe.embed.manifest" /manifest Debug\eveluator.exe.intermediate.manifest
         All outputs are up-to-date.
       LinkEmbedManifest:
         All outputs are up-to-date.
         eveluator.vcxproj -> C:\workspace\MyCode\eveluator\Debug\eveluator.exe
       FinalizeBuildStatus:
         Deleting file "Debug\eveluator.unsuccessfulbuild".
         Touching "Debug\eveluator.lastbuildstate".
     1>Done Building Project "C:\workspace\MyCode\eveluator\eveluator\eveluator.vcxproj" (build target(s)).

Build succeeded.

Time Elapsed 00:00:01.54
