C:\workspace\MyCode\eveluator\Debug\eveluator.exe
C:\workspace\MyCode\eveluator\Debug\eveluator.ilk
C:\workspace\MyCode\eveluator\Debug\eveluator.pdb
C:\workspace\MyCode\eveluator\eveluator\Debug\cl.command.1.tlog
C:\workspace\MyCode\eveluator\eveluator\Debug\CL.read.1.tlog
C:\workspace\MyCode\eveluator\eveluator\Debug\CL.write.1.tlog
C:\workspace\MyCode\eveluator\eveluator\Debug\eveluator.exe.embed.manifest
C:\workspace\MyCode\eveluator\eveluator\Debug\eveluator.exe.embed.manifest.res
C:\workspace\MyCode\eveluator\eveluator\Debug\eveluator.exe.intermediate.manifest
C:\workspace\MyCode\eveluator\eveluator\Debug\eveluator.obj
C:\workspace\MyCode\eveluator\eveluator\Debug\eveluator_manifest.rc
C:\workspace\MyCode\eveluator\eveluator\Debug\link.1612.read.1.tlog
C:\workspace\MyCode\eveluator\eveluator\Debug\link.1612.write.1.tlog
C:\workspace\MyCode\eveluator\eveluator\Debug\link.1612-cvtres.read.1.tlog
C:\workspace\MyCode\eveluator\eveluator\Debug\link.1612-cvtres.write.1.tlog
C:\workspace\MyCode\eveluator\eveluator\Debug\link.command.1.tlog
C:\workspace\MyCode\eveluator\eveluator\Debug\link.read.1.tlog
C:\workspace\MyCode\eveluator\eveluator\Debug\link.write.1.tlog
C:\workspace\MyCode\eveluator\eveluator\Debug\link-cvtres.read.1.tlog
C:\workspace\MyCode\eveluator\eveluator\Debug\link-cvtres.write.1.tlog
C:\workspace\MyCode\eveluator\eveluator\Debug\mt.command.1.tlog
C:\workspace\MyCode\eveluator\eveluator\Debug\mt.read.1.tlog
C:\workspace\MyCode\eveluator\eveluator\Debug\mt.write.1.tlog
C:\workspace\MyCode\eveluator\eveluator\Debug\rc.command.1.tlog
C:\workspace\MyCode\eveluator\eveluator\Debug\rc.read.1.tlog
C:\workspace\MyCode\eveluator\eveluator\Debug\rc.write.1.tlog
C:\workspace\MyCode\eveluator\eveluator\Debug\stdafx.obj
C:\workspace\MyCode\eveluator\eveluator\Debug\vc100.idb
C:\workspace\MyCode\eveluator\eveluator\Debug\vc100.pdb
D:\MINE\CODE\EVELUATOR\DEBUG\EVELUATOR.EXE
D:\MINE\CODE\EVELUATOR\DEBUG\EVELUATOR.ILK
D:\MINE\CODE\EVELUATOR\DEBUG\EVELUATOR.PDB
D:\MINE\CODE\EVELUATOR\EVELUATOR\DEBUG\EVELUATOR.EXE.EMBED.MANIFEST
D:\MINE\CODE\EVELUATOR\EVELUATOR\DEBUG\EVELUATOR.EXE.EMBED.MANIFEST.RES
D:\MINE\CODE\EVELUATOR\EVELUATOR\DEBUG\EVELUATOR.EXE.INTERMEDIATE.MANIFEST
D:\MINE\CODE\EVELUATOR\EVELUATOR\DEBUG\EVELUATOR.OBJ
D:\MINE\CODE\EVELUATOR\EVELUATOR\DEBUG\STDAFX.OBJ
D:\MINE\CODE\EVELUATOR\EVELUATOR\DEBUG\VC100.PDB
