Build started 1/3/2014 11:05:14 AM.
     1>Project "C:\workspace\MyCode\eveluator\subsequence\subsequence.vcxproj" on node 2 (build target(s)).
     1>InitializeBuildStatus:
         Creating "Debug\subsequence.unsuccessfulbuild" because "AlwaysCreate" was specified.
       ClCompile:
         c:\Program Files (x86)\Microsoft Visual Studio 10.0\VC\bin\CL.exe /c /ZI /nologo /W3 /WX- /Od /Oy- /D WIN32 /D _DEBUG /D _CONSOLE /D _UNICODE /D UNICODE /Gm /EHsc /RTC1 /MDd /GS /fp:precise /Zc:wchar_t /Zc:forScope /Fo"Debug\\" /Fd"Debug\vc100.pdb" /Gd /TP /analyze- /errorReport:prompt subsequence.cpp
         subsequence.cpp
       ManifestResourceCompile:
         All outputs are up-to-date.
       Link:
         c:\Program Files (x86)\Microsoft Visual Studio 10.0\VC\bin\link.exe /ERRORREPORT:PROMPT /OUT:"C:\workspace\MyCode\eveluator\Debug\subsequence.exe" /INCREMENTAL /NOLOGO kernel32.lib user32.lib gdi32.lib winspool.lib comdlg32.lib advapi32.lib shell32.lib ole32.lib oleaut32.lib uuid.lib odbc32.lib odbccp32.lib /MANIFEST /ManifestFile:"Debug\subsequence.exe.intermediate.manifest" /MANIFESTUAC:"level='asInvoker' uiAccess='false'" /DEBUG /PDB:"C:\workspace\MyCode\eveluator\Debug\subsequence.pdb" /SUBSYSTEM:CONSOLE /TLBID:1 /DYNAMICBASE /NXCOMPAT /IMPLIB:"C:\workspace\MyCode\eveluator\Debug\subsequence.lib" /MACHINE:X86 Debug\subsequence.exe.embed.manifest.res
         Debug\stdafx.obj
         Debug\subsequence.obj
       Manifest:
         c:\Program Files (x86)\Microsoft SDKs\Windows\v7.0A\bin\mt.exe /nologo /verbose /out:"Debug\subsequence.exe.embed.manifest" /manifest Debug\subsequence.exe.intermediate.manifest
         All outputs are up-to-date.
       LinkEmbedManifest:
         All outputs are up-to-date.
         subsequence.vcxproj -> C:\workspace\MyCode\eveluator\Debug\subsequence.exe
       FinalizeBuildStatus:
         Deleting file "Debug\subsequence.unsuccessfulbuild".
         Touching "Debug\subsequence.lastbuildstate".
     1>Done Building Project "C:\workspace\MyCode\eveluator\subsequence\subsequence.vcxproj" (build target(s)).

Build succeeded.

Time Elapsed 00:00:01.71
